  stdafx.cpp
  TimeMgr.cpp
  TextureMgr.cpp
  Texture.cpp
  Terrain.cpp
c:\users\hyeyeon\desktop\git\[teamproject] mfc tool\teamproject_mfc_tool\client\terrain.cpp(91): warning C4244: '초기화 중': 'double'에서 'float'(으)로 변환하면서 데이터가 손실될 수 있습니다.
  Stage.cpp
  SingleTexture.cpp
  SceneMgr.cpp
  Scene.cpp
  Player.cpp
c:\users\hyeyeon\desktop\git\[teamproject] mfc tool\teamproject_mfc_tool\client\player.cpp(70): warning C4244: '초기화 중': 'const UINT'에서 'float'(으)로 변환하면서 데이터가 손실될 수 있습니다.
  ObjMgr.cpp
  Obj.cpp
  MyMap.cpp
  MultiTexture.cpp
  MainGame.cpp
  Device.cpp
  Construction.cpp
  Client.cpp
  AstarMgr.cpp
  코드를 생성하고 있습니다...
  Client.vcxproj -> C:\Users\HyeYeon\Desktop\Git\[TeamProject] MFC Tool\TeamProject_MFC_Tool\Debug\Client.exe
  Client.vcxproj -> C:\Users\HyeYeon\Desktop\Git\[TeamProject] MFC Tool\TeamProject_MFC_Tool\Debug\Client.pdb (Full PDB)
