d:\유준환\130기\frame130\tool\debug\tool.pch
d:\유준환\130기\frame130\tool\debug\vc140.pdb
d:\유준환\130기\frame130\tool\debug\vc140.idb
d:\유준환\130기\frame130\tool\debug\stdafx.obj
d:\유준환\130기\frame130\tool\debug\device.obj
d:\유준환\130기\frame130\tool\debug\mainfrm.obj
d:\유준환\130기\frame130\tool\debug\multitexture.obj
d:\유준환\130기\frame130\tool\debug\myform.obj
d:\유준환\130기\frame130\tool\debug\myterrain.obj
d:\유준환\130기\frame130\tool\debug\singletexture.obj
d:\유준환\130기\frame130\tool\debug\texture.obj
d:\유준환\130기\frame130\tool\debug\texturemgr.obj
d:\유준환\130기\frame130\tool\debug\tool.obj
d:\유준환\130기\frame130\tool\debug\tooldoc.obj
d:\유준환\130기\frame130\tool\debug\toolview.obj
d:\유준환\130기\frame130\tool\debug\miniview.obj
d:\유준환\130기\frame130\debug\tool.ilk
d:\유준환\130기\frame130\debug\tool.exe
d:\유준환\130기\frame130\debug\tool.pdb
d:\유준환\130기\frame130\tool\debug\tool.res
d:\유준환\130기\frame130\tool\debug\tool.tlog\cl.command.1.tlog
d:\유준환\130기\frame130\tool\debug\tool.tlog\cl.read.1.tlog
d:\유준환\130기\frame130\tool\debug\tool.tlog\cl.write.1.tlog
d:\유준환\130기\frame130\tool\debug\tool.tlog\link.command.1.tlog
d:\유준환\130기\frame130\tool\debug\tool.tlog\link.read.1.tlog
d:\유준환\130기\frame130\tool\debug\tool.tlog\link.write.1.tlog
d:\유준환\130기\frame130\tool\debug\tool.tlog\rc.command.1.tlog
d:\유준환\130기\frame130\tool\debug\tool.tlog\rc.read.1.tlog
d:\유준환\130기\frame130\tool\debug\tool.tlog\rc.write.1.tlog
